
BASE_Update
UPDATE `app_user` SET `locked` = 1, `locked_at` = 1696486917, `locked_by` = 'SYSTEM', `locked_reason` = 'TOO_MANY_LOGIN_FAILS'
affectedRows[54] error-Array
(
    [code] => 0
    [message] => 
)
result-App\core\BASE_Result Object
(
    [data] => 1
    [error] => 
    [warning] => 
    [info] => 
    [success] => 
    [messages] => 
    [extra] => Array
        (
            [affected_rows] => 54
        )

    [status] => SUCCESS
    [redirect] => 
)

::generateUID table[app_roles] UniqueID[122784425]
::generateUID table[app_user] UniqueID[984792555]

 STATUS[1]
INSERT INTO `app_clients` (`client_id`, `customer_number`, `client_name`, `client_desc`, `client_email`, `client_street`, `client_house_nr`, `client_zipcode`, `client_location`) VALUES ('122784425', '123', 'sadsadsd', 'sdfsdf', 'Sarika.kharche@codenground.de', 'ddfsd', 'sdsdf', 'sdfsdfsf', 'sdfsdf')

 STATUS[]
INSERT INTO `app_user` (`client_id`, `user_id`, `username`, `password`, `salt`, `email`, `firstname`, `lastname`, `street`, `house_number`, `zipcode`, `location`, `country`, `language`, `failed_logins`, `created_at`, `activated`, `activated_at`) VALUES ('122784425', '984792555', 'admin_123', '7a9a64fe0307cfe62eddeacf810436c3a94e2607da81e50a20ff089fac59476e', 'bdgdjfhy', 'Sarika.kharche@codenground.de', 'Admin', 'sadsadsd', 'ddfsd', 'sdsdf', 'sdfsdfsf', 'sdfsdf', 'DE', 'DE', 0, 1696488920, 1, 1696488920)

 STATUS[]
INSERT INTO `app__rights` (`client_id`, `right_id`, `right_name`, `right_desc`, `group_token`, `active`, `is_root_right`) VALUES ('122784425', 'right_anamnesis_delete', '#right_anamnesis_delete', '#right_anamnesis_delete_desc', 'group_anamnesis', '1', '0')

 STATUS[]
INSERT INTO `app__rights` (`client_id`, `right_id`, `right_name`, `right_desc`, `group_token`, `active`, `is_root_right`) VALUES ('122784425', 'right_anamnesis_list', '#right_anamnesis_list', '#right_anamnesis_list_desc', 'group_anamnesis', '1', '0')

 STATUS[]
INSERT INTO `app__rights` (`client_id`, `right_id`, `right_name`, `right_desc`, `group_token`, `active`, `is_root_right`) VALUES ('122784425', 'right_anamnesis_write', '#right_anamnesis_write', '#right_anamnesis_write_desc', 'group_anamnesis', '1', '0')

 STATUS[]
INSERT INTO `app__rights` (`client_id`, `right_id`, `right_name`, `right_desc`, `group_token`, `active`, `is_root_right`) VALUES ('122784425', 'right_articles_delete', '#right_articles_delete', '#right_articles_delete_desc', 'group_articles', '1', '0')

 STATUS[]
INSERT INTO `app__rights` (`client_id`, `right_id`, `right_name`, `right_desc`, `group_token`, `active`, `is_root_right`) VALUES ('122784425', 'right_articles_list', '#right_articles_list', '#right_articles_list_desc', 'group_articles', '1', '0')

 STATUS[]
INSERT INTO `app__rights` (`client_id`, `right_id`, `right_name`, `right_desc`, `group_token`, `active`, `is_root_right`) VALUES ('122784425', 'right_articles_write', '#right_articles_write', '#right_articles_write_desc', 'group_articles', '1', '0')

 STATUS[]
INSERT INTO `app__rights` (`client_id`, `right_id`, `right_name`, `right_desc`, `group_token`, `active`, `is_root_right`) VALUES ('122784425', 'right_debitor_delete', '#right_debitor_delete', '#right_debitor_delete_desc', 'group_debitor', '1', '0')

 STATUS[]
INSERT INTO `app__rights` (`client_id`, `right_id`, `right_name`, `right_desc`, `group_token`, `active`, `is_root_right`) VALUES ('122784425', 'right_debitor_list', '#right_debitor_list', '#right_debitor_list_desc', 'group_debitor', '1', '0')

 STATUS[]
INSERT INTO `app__rights` (`client_id`, `right_id`, `right_name`, `right_desc`, `group_token`, `active`, `is_root_right`) VALUES ('122784425', 'right_debitor_write', '#right_debitor_write', '#right_debitor_write_desc', 'group_debitor', '1', '0')

 STATUS[]
INSERT INTO `app__rights` (`client_id`, `right_id`, `right_name`, `right_desc`, `group_token`, `active`, `is_root_right`) VALUES ('122784425', 'right_order_delete', '#right_order_delete', '#right_order_delete_desc', 'group_order', '1', '0')

 STATUS[]
INSERT INTO `app__rights` (`client_id`, `right_id`, `right_name`, `right_desc`, `group_token`, `active`, `is_root_right`) VALUES ('122784425', 'right_order_list', '#right_order_list', '#right_order_list_desc', 'group_order', '1', '0')

 STATUS[]
INSERT INTO `app__rights` (`client_id`, `right_id`, `right_name`, `right_desc`, `group_token`, `active`, `is_root_right`) VALUES ('122784425', 'right_order_reset', '#right_order_reset', '#right_order_reset_desc', 'group_order', '1', '0')

 STATUS[]
INSERT INTO `app__rights` (`client_id`, `right_id`, `right_name`, `right_desc`, `group_token`, `active`, `is_root_right`) VALUES ('122784425', 'right_order_write', '#right_order_write', '#right_order_write_desc', 'group_order', '1', '0')

 STATUS[]
INSERT INTO `app__rights` (`client_id`, `right_id`, `right_name`, `right_desc`, `group_token`, `active`, `is_root_right`) VALUES ('122784425', 'right_prescriptions_delete', '#right_prescriptions_delete', '#right_prescriptions_delete_desc', 'group_prescriptions', '1', '0')

 STATUS[]
INSERT INTO `app__rights` (`client_id`, `right_id`, `right_name`, `right_desc`, `group_token`, `active`, `is_root_right`) VALUES ('122784425', 'right_prescriptions_list', '#right_prescriptions_list', '#right_prescriptions_list_desc', 'group_prescriptions', '1', '0')

 STATUS[]
INSERT INTO `app__rights` (`client_id`, `right_id`, `right_name`, `right_desc`, `group_token`, `active`, `is_root_right`) VALUES ('122784425', 'right_prescriptions_upload', '#right_prescriptions_upload', '#right_prescriptions_upload_desc', 'group_prescriptions', '1', '0')

 STATUS[]
INSERT INTO `app__rights` (`client_id`, `right_id`, `right_name`, `right_desc`, `group_token`, `active`, `is_root_right`) VALUES ('122784425', 'right_prescriptions_write', '#right_prescriptions_write', '#right_prescriptions_write_desc', 'group_prescriptions', '1', '0')

 STATUS[]
INSERT INTO `app__rights` (`client_id`, `right_id`, `right_name`, `right_desc`, `group_token`, `active`, `is_root_right`) VALUES ('122784425', 'right_reminder_delete', '#right_reminder_delete', '#right_reminder_delete_desc', 'group_reminder', '1', '0')

 STATUS[]
INSERT INTO `app__rights` (`client_id`, `right_id`, `right_name`, `right_desc`, `group_token`, `active`, `is_root_right`) VALUES ('122784425', 'right_reminder_list', '#right_reminder_list', '#right_reminder_list_desc', 'group_reminder', '1', '0')

 STATUS[]
INSERT INTO `app__rights` (`client_id`, `right_id`, `right_name`, `right_desc`, `group_token`, `active`, `is_root_right`) VALUES ('122784425', 'right_reminder_write', '#right_reminder_write', '#right_reminder_write_desc', 'group_reminder', '1', '0')

 STATUS[]
INSERT INTO `app__rights` (`client_id`, `right_id`, `right_name`, `right_desc`, `group_token`, `active`, `is_root_right`) VALUES ('122784425', 'right_role_delete', '#right_role_delete', '#right_role_delete_desc', 'group_roles', '1', '0')

 STATUS[]
INSERT INTO `app__rights` (`client_id`, `right_id`, `right_name`, `right_desc`, `group_token`, `active`, `is_root_right`) VALUES ('122784425', 'right_role_list', '#right_role_list', '#right_role_list_desc', 'group_roles', '1', '0')

 STATUS[]
INSERT INTO `app__rights` (`client_id`, `right_id`, `right_name`, `right_desc`, `group_token`, `active`, `is_root_right`) VALUES ('122784425', 'right_role_write', '#right_role_write', '#right_role_write_desc', 'group_roles', '1', '0')

 STATUS[]
INSERT INTO `app__rights` (`client_id`, `right_id`, `right_name`, `right_desc`, `group_token`, `active`, `is_root_right`) VALUES ('122784425', 'right_user_delete', '#right_user_delete', '#right_user_delete_desc', 'group_user', '1', '0')

 STATUS[]
INSERT INTO `app__rights` (`client_id`, `right_id`, `right_name`, `right_desc`, `group_token`, `active`, `is_root_right`) VALUES ('122784425', 'right_user_list', '#right_user_list', '#right_user_list_desc', 'group_user', '1', '0')

 STATUS[]
INSERT INTO `app__rights` (`client_id`, `right_id`, `right_name`, `right_desc`, `group_token`, `active`, `is_root_right`) VALUES ('122784425', 'right_user_write', '#right_user_write', '#right_user_write_desc', 'group_user', '1', '0')

 STATUS[]
INSERT INTO `app__rights` (`client_id`, `right_id`, `right_name`, `right_desc`, `group_token`, `active`, `is_root_right`) VALUES ('122784425', 'right_use_scanagent', '#right_use_scanagent', '#right_use_scanagent_desc', 'group_prescriptions', '1', '0')

 STATUS[]
INSERT INTO `app__rights` (`client_id`, `right_id`, `right_name`, `right_desc`, `group_token`, `active`, `is_root_right`) VALUES ('122784425', 'root_right_contract_delete', '#root_right_contract_delete', '#root_right_contract_delete_desc', 'group_contract', '1', '0')

 STATUS[]
INSERT INTO `app__rights` (`client_id`, `right_id`, `right_name`, `right_desc`, `group_token`, `active`, `is_root_right`) VALUES ('122784425', 'root_right_contract_general_settings', '#root_right_contract_general_settings', '#root_right_contract_general_settings_desc', 'group_contracts', '1', '0')

 STATUS[]
INSERT INTO `app__rights` (`client_id`, `right_id`, `right_name`, `right_desc`, `group_token`, `active`, `is_root_right`) VALUES ('122784425', 'root_right_contract_list', '#root_right_contract_list', '#root_right_contract_list_desc', 'group_contract', '1', '0')

 STATUS[]
INSERT INTO `app__rights` (`client_id`, `right_id`, `right_name`, `right_desc`, `group_token`, `active`, `is_root_right`) VALUES ('122784425', 'root_right_contract_write', '#root_right_contract_write', '#root_right_contract_write_desc', 'group_contract', '1', '0')

 STATUS[]
INSERT INTO `app__rights` (`client_id`, `right_id`, `right_name`, `right_desc`, `group_token`, `active`, `is_root_right`) VALUES ('122784425', 'root_right_health_insurance_delete', '#root_right_health_insurance_delete', '#root_right_health_insurance_delete_desc', 'group_health_insurance', '1', '0')

 STATUS[]
INSERT INTO `app__rights` (`client_id`, `right_id`, `right_name`, `right_desc`, `group_token`, `active`, `is_root_right`) VALUES ('122784425', 'root_right_health_insurance_list', '#root_right_health_insurance_list', '#root_right_health_insurance_list_desc', 'group_health_insurance', '1', '0')

 STATUS[]
INSERT INTO `app__rights` (`client_id`, `right_id`, `right_name`, `right_desc`, `group_token`, `active`, `is_root_right`) VALUES ('122784425', 'root_right_health_insurance_write', '#root_right_health_insurance_write', '#root_right_health_insurance_write_desc', 'group_health_insurance', '1', '0')


 => Transaction failed ==> Rolling back