
 - buildMenuItems items-
Array
(
    [0] => stdClass Object
        (
            [id] => 1
            [item_ref] => home/
            [item_label] => #home
            [item_icon] => <i class="fa fa-home"></i>
            [visible] => 1
        )

    [1] => stdClass Object
        (
            [id] => 2
            [item_ref] => home/about/
            [item_label] => #about
            [item_icon] => <i class="fa fa-info"></i>
            [visible] => 0
        )

    [2] => stdClass Object
        (
            [id] => 3
            [item_ref] => https://www.abena.de/impressum/
            [item_label] => #imprint
            [item_icon] => <i class="fa fa-legal"></i>
            [visible] => 1
        )

    [3] => stdClass Object
        (
            [id] => 4
            [item_ref] => admin/
            [item_label] => #admin
            [item_icon] => <i class="fa fa-dashboard"></i>
            [visible] => 1
        )

)

URI[] URI-DOMAIN[]
exploded-uri-Array
(
    [0] => 
)

Start loop...
===

-> item [0] active[]
diff-Array
(
    [0] => 
)

item-Array
(
    [0] => home
)


-> item [1] active[]
diff-Array
(
    [0] => 
)

item-Array
(
    [0] => home
    [1] => about
)


-> item [2] active[]
diff-Array
(
    [0] => 
)

item-Array
(
    [0] => https:
    [1] => 
    [2] => www.abena.de
    [3] => impressum
)


-> item [3] active[]
diff-Array
(
    [0] => 
)

item-Array
(
    [0] => admin
)


Result:

				<li class="nav-item">
					<a href="http://localhost:8000/home/"  class="nav-link">
						<span class="hidden-xs hidden-sm hidden-md"> home</span>
						</a>
				</li>
				<li class="nav-item">
					<a href="http://localhost:8000/home/about/"  class="nav-link">
						<span class="hidden-xs hidden-sm hidden-md"> about</span>
						</a>
				</li>
				<li class="nav-item">
					<a href="https://www.abena.de/impressum/"  class="nav-link">
						<span class="hidden-xs hidden-sm hidden-md"> imprint</span>
						</a>
				</li>
				<li class="nav-item">
					<a href="http://localhost:8000/admin/"  class="nav-link">
						<span class="hidden-xs hidden-sm hidden-md"> admin</span>
						</a>
				</li>
 - buildMenuItems items-
Array
(
    [0] => stdClass Object
        (
            [id] => 1
            [item_ref] => home/
            [item_label] => #home
            [item_icon] => <i class="fa fa-home"></i>
            [visible] => 1
        )

    [1] => stdClass Object
        (
            [id] => 2
            [item_ref] => home/about/
            [item_label] => #about
            [item_icon] => <i class="fa fa-info"></i>
            [visible] => 0
        )

    [2] => stdClass Object
        (
            [id] => 3
            [item_ref] => https://www.abena.de/impressum/
            [item_label] => #imprint
            [item_icon] => <i class="fa fa-legal"></i>
            [visible] => 1
        )

    [3] => stdClass Object
        (
            [id] => 4
            [item_ref] => admin/
            [item_label] => #admin
            [item_icon] => <i class="fa fa-dashboard"></i>
            [visible] => 1
        )

)

URI[login] URI-DOMAIN[login]
exploded-uri-Array
(
    [0] => login
)

Start loop...
===

-> item [0] active[]
diff-Array
(
    [0] => login
)

item-Array
(
    [0] => home
)


-> item [1] active[]
diff-Array
(
    [0] => login
)

item-Array
(
    [0] => home
    [1] => about
)


-> item [2] active[]
diff-Array
(
    [0] => login
)

item-Array
(
    [0] => https:
    [1] => 
    [2] => www.abena.de
    [3] => impressum
)


-> item [3] active[]
diff-Array
(
    [0] => login
)

item-Array
(
    [0] => admin
)


Result:

				<li class="nav-item">
					<a href="http://localhost:8000/home/"  class="nav-link">
						<span class="hidden-xs hidden-sm hidden-md"> home</span>
						</a>
				</li>
				<li class="nav-item">
					<a href="http://localhost:8000/home/about/"  class="nav-link">
						<span class="hidden-xs hidden-sm hidden-md"> about</span>
						</a>
				</li>
				<li class="nav-item">
					<a href="https://www.abena.de/impressum/"  class="nav-link">
						<span class="hidden-xs hidden-sm hidden-md"> imprint</span>
						</a>
				</li>
				<li class="nav-item">
					<a href="http://localhost:8000/admin/"  class="nav-link">
						<span class="hidden-xs hidden-sm hidden-md"> admin</span>
						</a>
				</li>
 - buildMenuItems items-
Array
(
    [0] => stdClass Object
        (
            [id] => 1
            [item_ref] => home/
            [item_label] => #home
            [item_icon] => <i class="fa fa-home"></i>
            [visible] => 1
        )

    [1] => stdClass Object
        (
            [id] => 2
            [item_ref] => home/about/
            [item_label] => #about
            [item_icon] => <i class="fa fa-info"></i>
            [visible] => 0
        )

    [2] => stdClass Object
        (
            [id] => 3
            [item_ref] => https://www.abena.de/impressum/
            [item_label] => #imprint
            [item_icon] => <i class="fa fa-legal"></i>
            [visible] => 1
        )

    [3] => stdClass Object
        (
            [id] => 4
            [item_ref] => admin/
            [item_label] => #admin
            [item_icon] => <i class="fa fa-dashboard"></i>
            [visible] => 1
        )

)

URI[login] URI-DOMAIN[login]
exploded-uri-Array
(
    [0] => login
)

Start loop...
===

-> item [0] active[]
diff-Array
(
    [0] => login
)

item-Array
(
    [0] => home
)


-> item [1] active[]
diff-Array
(
    [0] => login
)

item-Array
(
    [0] => home
    [1] => about
)


-> item [2] active[]
diff-Array
(
    [0] => login
)

item-Array
(
    [0] => https:
    [1] => 
    [2] => www.abena.de
    [3] => impressum
)


-> item [3] active[]
diff-Array
(
    [0] => login
)

item-Array
(
    [0] => admin
)


Result:

				<li class="nav-item">
					<a href="http://localhost:8000/home/"  class="nav-link">
						<span class="hidden-xs hidden-sm hidden-md"> home</span>
						</a>
				</li>
				<li class="nav-item">
					<a href="http://localhost:8000/home/about/"  class="nav-link">
						<span class="hidden-xs hidden-sm hidden-md"> about</span>
						</a>
				</li>
				<li class="nav-item">
					<a href="https://www.abena.de/impressum/"  class="nav-link">
						<span class="hidden-xs hidden-sm hidden-md"> imprint</span>
						</a>
				</li>
				<li class="nav-item">
					<a href="http://localhost:8000/admin/"  class="nav-link">
						<span class="hidden-xs hidden-sm hidden-md"> admin</span>
						</a>
				</li>
 - buildMenuItems items-
Array
(
    [0] => stdClass Object
        (
            [id] => 1
            [item_ref] => home/
            [item_label] => #home
            [item_icon] => <i class="fa fa-home"></i>
            [visible] => 1
        )

    [1] => stdClass Object
        (
            [id] => 2
            [item_ref] => home/about/
            [item_label] => #about
            [item_icon] => <i class="fa fa-info"></i>
            [visible] => 0
        )

    [2] => stdClass Object
        (
            [id] => 3
            [item_ref] => https://www.abena.de/impressum/
            [item_label] => #imprint
            [item_icon] => <i class="fa fa-legal"></i>
            [visible] => 1
        )

    [3] => stdClass Object
        (
            [id] => 4
            [item_ref] => admin/
            [item_label] => #admin
            [item_icon] => <i class="fa fa-dashboard"></i>
            [visible] => 1
        )

)

URI[login] URI-DOMAIN[login]
exploded-uri-Array
(
    [0] => login
)

Start loop...
===

-> item [0] active[]
diff-Array
(
    [0] => login
)

item-Array
(
    [0] => home
)


-> item [1] active[]
diff-Array
(
    [0] => login
)

item-Array
(
    [0] => home
    [1] => about
)


-> item [2] active[]
diff-Array
(
    [0] => login
)

item-Array
(
    [0] => https:
    [1] => 
    [2] => www.abena.de
    [3] => impressum
)


-> item [3] active[]
diff-Array
(
    [0] => login
)

item-Array
(
    [0] => admin
)


Result:

				<li class="nav-item">
					<a href="http://localhost:8000/home/"  class="nav-link">
						<span class="hidden-xs hidden-sm hidden-md"> home</span>
						</a>
				</li>
				<li class="nav-item">
					<a href="http://localhost:8000/home/about/"  class="nav-link">
						<span class="hidden-xs hidden-sm hidden-md"> about</span>
						</a>
				</li>
				<li class="nav-item">
					<a href="https://www.abena.de/impressum/"  class="nav-link">
						<span class="hidden-xs hidden-sm hidden-md"> imprint</span>
						</a>
				</li>
				<li class="nav-item">
					<a href="http://localhost:8000/admin/"  class="nav-link">
						<span class="hidden-xs hidden-sm hidden-md"> admin</span>
						</a>
				</li>
 - buildMenuItems items-
Array
(
    [0] => stdClass Object
        (
            [id] => 1
            [item_ref] => home/
            [item_label] => #home
            [item_icon] => <i class="fa fa-home"></i>
            [visible] => 1
        )

    [1] => stdClass Object
        (
            [id] => 2
            [item_ref] => home/about/
            [item_label] => #about
            [item_icon] => <i class="fa fa-info"></i>
            [visible] => 0
        )

    [2] => stdClass Object
        (
            [id] => 3
            [item_ref] => https://www.abena.de/impressum/
            [item_label] => #imprint
            [item_icon] => <i class="fa fa-legal"></i>
            [visible] => 1
        )

    [3] => stdClass Object
        (
            [id] => 4
            [item_ref] => admin/
            [item_label] => #admin
            [item_icon] => <i class="fa fa-dashboard"></i>
            [visible] => 1
        )

)

URI[login] URI-DOMAIN[login]
exploded-uri-Array
(
    [0] => login
)

Start loop...
===

-> item [0] active[]
diff-Array
(
    [0] => login
)

item-Array
(
    [0] => home
)


-> item [1] active[]
diff-Array
(
    [0] => login
)

item-Array
(
    [0] => home
    [1] => about
)


-> item [2] active[]
diff-Array
(
    [0] => login
)

item-Array
(
    [0] => https:
    [1] => 
    [2] => www.abena.de
    [3] => impressum
)


-> item [3] active[]
diff-Array
(
    [0] => login
)

item-Array
(
    [0] => admin
)


Result:

				<li class="nav-item">
					<a href="http://localhost:8000/home/"  class="nav-link">
						<span class="hidden-xs hidden-sm hidden-md"> home</span>
						</a>
				</li>
				<li class="nav-item">
					<a href="http://localhost:8000/home/about/"  class="nav-link">
						<span class="hidden-xs hidden-sm hidden-md"> about</span>
						</a>
				</li>
				<li class="nav-item">
					<a href="https://www.abena.de/impressum/"  class="nav-link">
						<span class="hidden-xs hidden-sm hidden-md"> imprint</span>
						</a>
				</li>
				<li class="nav-item">
					<a href="http://localhost:8000/admin/"  class="nav-link">
						<span class="hidden-xs hidden-sm hidden-md"> admin</span>
						</a>
				</li>
 - buildMenuItems items-
Array
(
    [0] => stdClass Object
        (
            [id] => 1
            [item_ref] => home/
            [item_label] => #home
            [item_icon] => <i class="fa fa-home"></i>
            [visible] => 1
        )

    [1] => stdClass Object
        (
            [id] => 2
            [item_ref] => home/about/
            [item_label] => #about
            [item_icon] => <i class="fa fa-info"></i>
            [visible] => 0
        )

    [2] => stdClass Object
        (
            [id] => 3
            [item_ref] => https://www.abena.de/impressum/
            [item_label] => #imprint
            [item_icon] => <i class="fa fa-legal"></i>
            [visible] => 1
        )

    [3] => stdClass Object
        (
            [id] => 4
            [item_ref] => admin/
            [item_label] => #admin
            [item_icon] => <i class="fa fa-dashboard"></i>
            [visible] => 1
        )

)

URI[login] URI-DOMAIN[login]
exploded-uri-Array
(
    [0] => login
)

Start loop...
===

-> item [0] active[]
diff-Array
(
    [0] => login
)

item-Array
(
    [0] => home
)


-> item [1] active[]
diff-Array
(
    [0] => login
)

item-Array
(
    [0] => home
    [1] => about
)


-> item [2] active[]
diff-Array
(
    [0] => login
)

item-Array
(
    [0] => https:
    [1] => 
    [2] => www.abena.de
    [3] => impressum
)


-> item [3] active[]
diff-Array
(
    [0] => login
)

item-Array
(
    [0] => admin
)


Result:

				<li class="nav-item">
					<a href="http://localhost:8000/home/"  class="nav-link">
						<span class="hidden-xs hidden-sm hidden-md"> home</span>
						</a>
				</li>
				<li class="nav-item">
					<a href="http://localhost:8000/home/about/"  class="nav-link">
						<span class="hidden-xs hidden-sm hidden-md"> about</span>
						</a>
				</li>
				<li class="nav-item">
					<a href="https://www.abena.de/impressum/"  class="nav-link">
						<span class="hidden-xs hidden-sm hidden-md"> imprint</span>
						</a>
				</li>
				<li class="nav-item">
					<a href="http://localhost:8000/admin/"  class="nav-link">
						<span class="hidden-xs hidden-sm hidden-md"> admin</span>
						</a>
				</li>
 - buildMenuItems items-
Array
(
    [0] => stdClass Object
        (
            [id] => 1
            [item_ref] => home/
            [item_label] => #home
            [item_icon] => <i class="fa fa-home"></i>
            [visible] => 1
        )

    [1] => stdClass Object
        (
            [id] => 2
            [item_ref] => home/about/
            [item_label] => #about
            [item_icon] => <i class="fa fa-info"></i>
            [visible] => 0
        )

    [2] => stdClass Object
        (
            [id] => 3
            [item_ref] => https://www.abena.de/impressum/
            [item_label] => #imprint
            [item_icon] => <i class="fa fa-legal"></i>
            [visible] => 1
        )

    [3] => stdClass Object
        (
            [id] => 4
            [item_ref] => admin/
            [item_label] => #admin
            [item_icon] => <i class="fa fa-dashboard"></i>
            [visible] => 1
        )

)

URI[login] URI-DOMAIN[login]
exploded-uri-Array
(
    [0] => login
)

Start loop...
===

-> item [0] active[]
diff-Array
(
    [0] => login
)

item-Array
(
    [0] => home
)


-> item [1] active[]
diff-Array
(
    [0] => login
)

item-Array
(
    [0] => home
    [1] => about
)


-> item [2] active[]
diff-Array
(
    [0] => login
)

item-Array
(
    [0] => https:
    [1] => 
    [2] => www.abena.de
    [3] => impressum
)


-> item [3] active[]
diff-Array
(
    [0] => login
)

item-Array
(
    [0] => admin
)


Result:

				<li class="nav-item">
					<a href="http://localhost:8000/home/"  class="nav-link">
						<span class="hidden-xs hidden-sm hidden-md"> home</span>
						</a>
				</li>
				<li class="nav-item">
					<a href="http://localhost:8000/home/about/"  class="nav-link">
						<span class="hidden-xs hidden-sm hidden-md"> about</span>
						</a>
				</li>
				<li class="nav-item">
					<a href="https://www.abena.de/impressum/"  class="nav-link">
						<span class="hidden-xs hidden-sm hidden-md"> imprint</span>
						</a>
				</li>
				<li class="nav-item">
					<a href="http://localhost:8000/admin/"  class="nav-link">
						<span class="hidden-xs hidden-sm hidden-md"> admin</span>
						</a>
				</li>
 - buildMenuItems items-
Array
(
    [0] => stdClass Object
        (
            [id] => 1
            [item_ref] => home/
            [item_label] => #home
            [item_icon] => <i class="fa fa-home"></i>
            [visible] => 1
        )

    [1] => stdClass Object
        (
            [id] => 2
            [item_ref] => home/about/
            [item_label] => #about
            [item_icon] => <i class="fa fa-info"></i>
            [visible] => 0
        )

    [2] => stdClass Object
        (
            [id] => 3
            [item_ref] => https://www.abena.de/impressum/
            [item_label] => #imprint
            [item_icon] => <i class="fa fa-legal"></i>
            [visible] => 1
        )

    [3] => stdClass Object
        (
            [id] => 4
            [item_ref] => admin/
            [item_label] => #admin
            [item_icon] => <i class="fa fa-dashboard"></i>
            [visible] => 1
        )

)

URI[login] URI-DOMAIN[login]
exploded-uri-Array
(
    [0] => login
)

Start loop...
===

-> item [0] active[]
diff-Array
(
    [0] => login
)

item-Array
(
    [0] => home
)


-> item [1] active[]
diff-Array
(
    [0] => login
)

item-Array
(
    [0] => home
    [1] => about
)


-> item [2] active[]
diff-Array
(
    [0] => login
)

item-Array
(
    [0] => https:
    [1] => 
    [2] => www.abena.de
    [3] => impressum
)


-> item [3] active[]
diff-Array
(
    [0] => login
)

item-Array
(
    [0] => admin
)


Result:

				<li class="nav-item">
					<a href="http://localhost:8000/home/"  class="nav-link">
						<span class="hidden-xs hidden-sm hidden-md"> home</span>
						</a>
				</li>
				<li class="nav-item">
					<a href="http://localhost:8000/home/about/"  class="nav-link">
						<span class="hidden-xs hidden-sm hidden-md"> about</span>
						</a>
				</li>
				<li class="nav-item">
					<a href="https://www.abena.de/impressum/"  class="nav-link">
						<span class="hidden-xs hidden-sm hidden-md"> imprint</span>
						</a>
				</li>
				<li class="nav-item">
					<a href="http://localhost:8000/admin/"  class="nav-link">
						<span class="hidden-xs hidden-sm hidden-md"> admin</span>
						</a>
				</li>
 - buildMenuItems items-
Array
(
    [0] => stdClass Object
        (
            [id] => 1
            [item_ref] => home/
            [item_label] => #home
            [item_icon] => <i class="fa fa-home"></i>
            [visible] => 1
        )

    [1] => stdClass Object
        (
            [id] => 2
            [item_ref] => home/about/
            [item_label] => #about
            [item_icon] => <i class="fa fa-info"></i>
            [visible] => 0
        )

    [2] => stdClass Object
        (
            [id] => 3
            [item_ref] => https://www.abena.de/impressum/
            [item_label] => #imprint
            [item_icon] => <i class="fa fa-legal"></i>
            [visible] => 1
        )

    [3] => stdClass Object
        (
            [id] => 4
            [item_ref] => admin/
            [item_label] => #admin
            [item_icon] => <i class="fa fa-dashboard"></i>
            [visible] => 1
        )

)

URI[login] URI-DOMAIN[login]
exploded-uri-Array
(
    [0] => login
)

Start loop...
===

-> item [0] active[]
diff-Array
(
    [0] => login
)

item-Array
(
    [0] => home
)


-> item [1] active[]
diff-Array
(
    [0] => login
)

item-Array
(
    [0] => home
    [1] => about
)


-> item [2] active[]
diff-Array
(
    [0] => login
)

item-Array
(
    [0] => https:
    [1] => 
    [2] => www.abena.de
    [3] => impressum
)


-> item [3] active[]
diff-Array
(
    [0] => login
)

item-Array
(
    [0] => admin
)


Result:

				<li class="nav-item">
					<a href="http://localhost:8000/home/"  class="nav-link">
						<span class="hidden-xs hidden-sm hidden-md"> home</span>
						</a>
				</li>
				<li class="nav-item">
					<a href="http://localhost:8000/home/about/"  class="nav-link">
						<span class="hidden-xs hidden-sm hidden-md"> about</span>
						</a>
				</li>
				<li class="nav-item">
					<a href="https://www.abena.de/impressum/"  class="nav-link">
						<span class="hidden-xs hidden-sm hidden-md"> imprint</span>
						</a>
				</li>
				<li class="nav-item">
					<a href="http://localhost:8000/admin/"  class="nav-link">
						<span class="hidden-xs hidden-sm hidden-md"> admin</span>
						</a>
				</li>
 - buildMenuItems items-
Array
(
    [0] => stdClass Object
        (
            [id] => 1
            [item_ref] => home/
            [item_label] => #home
            [item_icon] => <i class="fa fa-home"></i>
            [visible] => 1
        )

    [1] => stdClass Object
        (
            [id] => 2
            [item_ref] => home/about/
            [item_label] => #about
            [item_icon] => <i class="fa fa-info"></i>
            [visible] => 0
        )

    [2] => stdClass Object
        (
            [id] => 3
            [item_ref] => https://www.abena.de/impressum/
            [item_label] => #imprint
            [item_icon] => <i class="fa fa-legal"></i>
            [visible] => 1
        )

    [3] => stdClass Object
        (
            [id] => 4
            [item_ref] => admin/
            [item_label] => #admin
            [item_icon] => <i class="fa fa-dashboard"></i>
            [visible] => 1
        )

)

URI[login] URI-DOMAIN[login]
exploded-uri-Array
(
    [0] => login
)

Start loop...
===

-> item [0] active[]
diff-Array
(
    [0] => login
)

item-Array
(
    [0] => home
)


-> item [1] active[]
diff-Array
(
    [0] => login
)

item-Array
(
    [0] => home
    [1] => about
)


-> item [2] active[]
diff-Array
(
    [0] => login
)

item-Array
(
    [0] => https:
    [1] => 
    [2] => www.abena.de
    [3] => impressum
)


-> item [3] active[]
diff-Array
(
    [0] => login
)

item-Array
(
    [0] => admin
)


Result:

				<li class="nav-item">
					<a href="http://localhost:8000/home/"  class="nav-link">
						<span class="hidden-xs hidden-sm hidden-md"> home</span>
						</a>
				</li>
				<li class="nav-item">
					<a href="http://localhost:8000/home/about/"  class="nav-link">
						<span class="hidden-xs hidden-sm hidden-md"> about</span>
						</a>
				</li>
				<li class="nav-item">
					<a href="https://www.abena.de/impressum/"  class="nav-link">
						<span class="hidden-xs hidden-sm hidden-md"> imprint</span>
						</a>
				</li>
				<li class="nav-item">
					<a href="http://localhost:8000/admin/"  class="nav-link">
						<span class="hidden-xs hidden-sm hidden-md"> admin</span>
						</a>
				</li>
 - buildMenuItems items-
Array
(
    [0] => stdClass Object
        (
            [id] => 1
            [item_ref] => home/
            [item_label] => #home
            [item_icon] => <i class="fa fa-home"></i>
            [visible] => 1
        )

    [1] => stdClass Object
        (
            [id] => 2
            [item_ref] => home/about/
            [item_label] => #about
            [item_icon] => <i class="fa fa-info"></i>
            [visible] => 0
        )

    [2] => stdClass Object
        (
            [id] => 3
            [item_ref] => https://www.abena.de/impressum/
            [item_label] => #imprint
            [item_icon] => <i class="fa fa-legal"></i>
            [visible] => 1
        )

    [3] => stdClass Object
        (
            [id] => 4
            [item_ref] => admin/
            [item_label] => #admin
            [item_icon] => <i class="fa fa-dashboard"></i>
            [visible] => 1
        )

)

URI[login] URI-DOMAIN[login]
exploded-uri-Array
(
    [0] => login
)

Start loop...
===

-> item [0] active[]
diff-Array
(
    [0] => login
)

item-Array
(
    [0] => home
)


-> item [1] active[]
diff-Array
(
    [0] => login
)

item-Array
(
    [0] => home
    [1] => about
)


-> item [2] active[]
diff-Array
(
    [0] => login
)

item-Array
(
    [0] => https:
    [1] => 
    [2] => www.abena.de
    [3] => impressum
)


-> item [3] active[]
diff-Array
(
    [0] => login
)

item-Array
(
    [0] => admin
)


Result:

				<li class="nav-item">
					<a href="http://localhost:8000/home/"  class="nav-link">
						<span class="hidden-xs hidden-sm hidden-md"> home</span>
						</a>
				</li>
				<li class="nav-item">
					<a href="http://localhost:8000/home/about/"  class="nav-link">
						<span class="hidden-xs hidden-sm hidden-md"> about</span>
						</a>
				</li>
				<li class="nav-item">
					<a href="https://www.abena.de/impressum/"  class="nav-link">
						<span class="hidden-xs hidden-sm hidden-md"> imprint</span>
						</a>
				</li>
				<li class="nav-item">
					<a href="http://localhost:8000/admin/"  class="nav-link">
						<span class="hidden-xs hidden-sm hidden-md"> admin</span>
						</a>
				</li>