CRITICAL - 2023-09-05 06:42:17 --> Undefined variable $cls_body
in APPPATH/Views/template/skeleton.php on line 44.
 1 APPPATH/Views/template/skeleton.php(44): CodeIgniter\Debug\Exceptions->errorHandler()
 2 SYSTEMPATH/View/View.php(224): include('/app/myapp/app/Views/template/skeleton.php')
 3 SYSTEMPATH/View/View.php(227): CodeIgniter\View\View->CodeIgniter\View\{closure}()
 4 SYSTEMPATH/Common.php(1176): CodeIgniter\View\View->render()
 5 APPPATH/core/BASE_Controller.php(626): view()
 6 APPPATH/Controllers/Home.php(54): App\core\BASE_Controller->render()
 7 APPPATH/Controllers/Home.php(36): App\Controllers\Home->home()
 8 SYSTEMPATH/CodeIgniter.php(932): App\Controllers\Home->index()
 9 SYSTEMPATH/CodeIgniter.php(497): CodeIgniter\CodeIgniter->runController()
10 SYSTEMPATH/CodeIgniter.php(366): CodeIgniter\CodeIgniter->handleRequest()
11 FCPATH/index.php(67): CodeIgniter\CodeIgniter->run()
CRITICAL - 2023-09-05 06:42:40 --> Undefined variable $cache_control
in APPPATH/Views/template/skeleton.php on line 48.
 1 APPPATH/Views/template/skeleton.php(48): CodeIgniter\Debug\Exceptions->errorHandler()
 2 SYSTEMPATH/View/View.php(224): include('/app/myapp/app/Views/template/skeleton.php')
 3 SYSTEMPATH/View/View.php(227): CodeIgniter\View\View->CodeIgniter\View\{closure}()
 4 SYSTEMPATH/Common.php(1176): CodeIgniter\View\View->render()
 5 APPPATH/core/BASE_Controller.php(626): view()
 6 APPPATH/Controllers/Home.php(54): App\core\BASE_Controller->render()
 7 APPPATH/Controllers/Home.php(36): App\Controllers\Home->home()
 8 SYSTEMPATH/CodeIgniter.php(932): App\Controllers\Home->index()
 9 SYSTEMPATH/CodeIgniter.php(497): CodeIgniter\CodeIgniter->runController()
10 SYSTEMPATH/CodeIgniter.php(366): CodeIgniter\CodeIgniter->handleRequest()
11 FCPATH/index.php(67): CodeIgniter\CodeIgniter->run()
CRITICAL - 2023-09-05 06:43:17 --> Undefined variable $cdn
in APPPATH/Views/template/skeleton.php on line 69.
 1 APPPATH/Views/template/skeleton.php(69): CodeIgniter\Debug\Exceptions->errorHandler()
 2 SYSTEMPATH/View/View.php(224): include('/app/myapp/app/Views/template/skeleton.php')
 3 SYSTEMPATH/View/View.php(227): CodeIgniter\View\View->CodeIgniter\View\{closure}()
 4 SYSTEMPATH/Common.php(1176): CodeIgniter\View\View->render()
 5 APPPATH/core/BASE_Controller.php(626): view()
 6 APPPATH/Controllers/Home.php(54): App\core\BASE_Controller->render()
 7 APPPATH/Controllers/Home.php(36): App\Controllers\Home->home()
 8 SYSTEMPATH/CodeIgniter.php(932): App\Controllers\Home->index()
 9 SYSTEMPATH/CodeIgniter.php(497): CodeIgniter\CodeIgniter->runController()
10 SYSTEMPATH/CodeIgniter.php(366): CodeIgniter\CodeIgniter->handleRequest()
11 FCPATH/index.php(67): CodeIgniter\CodeIgniter->run()
CRITICAL - 2023-09-05 06:43:56 --> Undefined variable $min
in APPPATH/Views/template/skeleton.php on line 89.
 1 APPPATH/Views/template/skeleton.php(89): CodeIgniter\Debug\Exceptions->errorHandler()
 2 SYSTEMPATH/View/View.php(224): include('/app/myapp/app/Views/template/skeleton.php')
 3 SYSTEMPATH/View/View.php(227): CodeIgniter\View\View->CodeIgniter\View\{closure}()
 4 SYSTEMPATH/Common.php(1176): CodeIgniter\View\View->render()
 5 APPPATH/core/BASE_Controller.php(626): view()
 6 APPPATH/Controllers/Home.php(54): App\core\BASE_Controller->render()
 7 APPPATH/Controllers/Home.php(36): App\Controllers\Home->home()
 8 SYSTEMPATH/CodeIgniter.php(932): App\Controllers\Home->index()
 9 SYSTEMPATH/CodeIgniter.php(497): CodeIgniter\CodeIgniter->runController()
10 SYSTEMPATH/CodeIgniter.php(366): CodeIgniter\CodeIgniter->handleRequest()
11 FCPATH/index.php(67): CodeIgniter\CodeIgniter->run()
CRITICAL - 2023-09-05 10:04:31 --> The namespace delimiter is a backslash (\), not a slash (/). Route handler: "\App\Controllers\admin/Roles::index"
in SYSTEMPATH/Router/Router.php on line 477.
 1 SYSTEMPATH/Router/Router.php(477): CodeIgniter\Router\Exceptions\RouterException::forInvalidControllerName()
 2 SYSTEMPATH/Router/Router.php(184): CodeIgniter\Router\Router->checkRoutes()
 3 SYSTEMPATH/CodeIgniter.php(813): CodeIgniter\Router\Router->handle()
 4 SYSTEMPATH/CodeIgniter.php(447): CodeIgniter\CodeIgniter->tryToRouteIt()
 5 SYSTEMPATH/CodeIgniter.php(366): CodeIgniter\CodeIgniter->handleRequest()
 6 FCPATH/index.php(67): CodeIgniter\CodeIgniter->run()
