INFO - 2023-09-27 05:41:30 --> Session: Class initialized using 'CodeIgniter\Session\Handlers\FileHandler' driver.
INFO - 2023-09-27 05:41:46 --> Session: Class initialized using 'CodeIgniter\Session\Handlers\FileHandler' driver.
INFO - 2023-09-27 05:41:49 --> Session: Class initialized using 'CodeIgniter\Session\Handlers\FileHandler' driver.
INFO - 2023-09-27 05:41:50 --> Session: Class initialized using 'CodeIgniter\Session\Handlers\FileHandler' driver.
INFO - 2023-09-27 05:46:26 --> Session: Class initialized using 'CodeIgniter\Session\Handlers\FileHandler' driver.
INFO - 2023-09-27 05:46:42 --> Session: Class initialized using 'CodeIgniter\Session\Handlers\FileHandler' driver.
INFO - 2023-09-27 05:47:33 --> Session: Class initialized using 'CodeIgniter\Session\Handlers\FileHandler' driver.
WARNING - 2023-09-27 05:47:33 --> [DEPRECATED] strtoupper(): Passing null to parameter #1 ($string) of type string is deprecated in APPPATH/Controllers/admin/Users.php on line 163.
 1 APPPATH/Controllers/admin/Users.php(163): strtoupper(null)
 2 SYSTEMPATH/CodeIgniter.php(932): App\Controllers\admin\Users->create()
 3 SYSTEMPATH/CodeIgniter.php(497): CodeIgniter\CodeIgniter->runController(Object(App\Controllers\admin\Users))
 4 SYSTEMPATH/CodeIgniter.php(366): CodeIgniter\CodeIgniter->handleRequest(null, Object(Config\Cache), false)
 5 FCPATH/index.php(67): CodeIgniter\CodeIgniter->run()
INFO - 2023-09-27 05:48:41 --> Session: Class initialized using 'CodeIgniter\Session\Handlers\FileHandler' driver.
WARNING - 2023-09-27 05:48:41 --> [DEPRECATED] strtoupper(): Passing null to parameter #1 ($string) of type string is deprecated in APPPATH/Controllers/admin/Users.php on line 163.
 1 APPPATH/Controllers/admin/Users.php(163): strtoupper(null)
 2 SYSTEMPATH/CodeIgniter.php(932): App\Controllers\admin\Users->create()
 3 SYSTEMPATH/CodeIgniter.php(497): CodeIgniter\CodeIgniter->runController(Object(App\Controllers\admin\Users))
 4 SYSTEMPATH/CodeIgniter.php(366): CodeIgniter\CodeIgniter->handleRequest(null, Object(Config\Cache), false)
 5 FCPATH/index.php(67): CodeIgniter\CodeIgniter->run()
CRITICAL - 2023-09-27 05:48:42 --> filter_var(): Unknown filter with ID 1
in SYSTEMPATH/HTTP/RequestTrait.php on line 334.
 1 [internal function]: CodeIgniter\Debug\Exceptions->errorHandler()
 2 SYSTEMPATH/HTTP/RequestTrait.php(334): filter_var()
 3 SYSTEMPATH/HTTP/IncomingRequest.php(782): CodeIgniter\HTTP\Request->fetchGlobal()
 4 APPPATH/Controllers/admin/Users.php(370): CodeIgniter\HTTP\IncomingRequest->getPost()
 5 APPPATH/Controllers/admin/Users.php(172): App\Controllers\admin\Users->save()
 6 SYSTEMPATH/CodeIgniter.php(932): App\Controllers\admin\Users->create()
 7 SYSTEMPATH/CodeIgniter.php(497): CodeIgniter\CodeIgniter->runController()
 8 SYSTEMPATH/CodeIgniter.php(366): CodeIgniter\CodeIgniter->handleRequest()
 9 FCPATH/index.php(67): CodeIgniter\CodeIgniter->run()
INFO - 2023-09-27 05:49:09 --> Session: Class initialized using 'CodeIgniter\Session\Handlers\FileHandler' driver.
WARNING - 2023-09-27 05:49:09 --> [DEPRECATED] strtoupper(): Passing null to parameter #1 ($string) of type string is deprecated in APPPATH/Controllers/admin/Users.php on line 163.
 1 APPPATH/Controllers/admin/Users.php(163): strtoupper(null)
 2 SYSTEMPATH/CodeIgniter.php(932): App\Controllers\admin\Users->create()
 3 SYSTEMPATH/CodeIgniter.php(497): CodeIgniter\CodeIgniter->runController(Object(App\Controllers\admin\Users))
 4 SYSTEMPATH/CodeIgniter.php(366): CodeIgniter\CodeIgniter->handleRequest(null, Object(Config\Cache), false)
 5 FCPATH/index.php(67): CodeIgniter\CodeIgniter->run()
CRITICAL - 2023-09-27 05:49:09 --> filter_var(): Unknown filter with ID 1
in SYSTEMPATH/HTTP/RequestTrait.php on line 334.
 1 [internal function]: CodeIgniter\Debug\Exceptions->errorHandler()
 2 SYSTEMPATH/HTTP/RequestTrait.php(334): filter_var()
 3 SYSTEMPATH/HTTP/IncomingRequest.php(782): CodeIgniter\HTTP\Request->fetchGlobal()
 4 APPPATH/Controllers/admin/Users.php(370): CodeIgniter\HTTP\IncomingRequest->getPost()
 5 APPPATH/Controllers/admin/Users.php(172): App\Controllers\admin\Users->save()
 6 SYSTEMPATH/CodeIgniter.php(932): App\Controllers\admin\Users->create()
 7 SYSTEMPATH/CodeIgniter.php(497): CodeIgniter\CodeIgniter->runController()
 8 SYSTEMPATH/CodeIgniter.php(366): CodeIgniter\CodeIgniter->handleRequest()
 9 FCPATH/index.php(67): CodeIgniter\CodeIgniter->run()
INFO - 2023-09-27 05:50:09 --> Session: Class initialized using 'CodeIgniter\Session\Handlers\FileHandler' driver.
WARNING - 2023-09-27 05:50:10 --> [DEPRECATED] strtoupper(): Passing null to parameter #1 ($string) of type string is deprecated in APPPATH/Controllers/admin/Users.php on line 163.
 1 APPPATH/Controllers/admin/Users.php(163): strtoupper(null)
 2 SYSTEMPATH/CodeIgniter.php(932): App\Controllers\admin\Users->create()
 3 SYSTEMPATH/CodeIgniter.php(497): CodeIgniter\CodeIgniter->runController(Object(App\Controllers\admin\Users))
 4 SYSTEMPATH/CodeIgniter.php(366): CodeIgniter\CodeIgniter->handleRequest(null, Object(Config\Cache), false)
 5 FCPATH/index.php(67): CodeIgniter\CodeIgniter->run()
CRITICAL - 2023-09-27 05:50:10 --> filter_var(): Unknown filter with ID 1
in SYSTEMPATH/HTTP/RequestTrait.php on line 334.
 1 [internal function]: CodeIgniter\Debug\Exceptions->errorHandler()
 2 SYSTEMPATH/HTTP/RequestTrait.php(334): filter_var()
 3 SYSTEMPATH/HTTP/IncomingRequest.php(782): CodeIgniter\HTTP\Request->fetchGlobal()
 4 APPPATH/Controllers/admin/Users.php(370): CodeIgniter\HTTP\IncomingRequest->getPost()
 5 APPPATH/Controllers/admin/Users.php(172): App\Controllers\admin\Users->save()
 6 SYSTEMPATH/CodeIgniter.php(932): App\Controllers\admin\Users->create()
 7 SYSTEMPATH/CodeIgniter.php(497): CodeIgniter\CodeIgniter->runController()
 8 SYSTEMPATH/CodeIgniter.php(366): CodeIgniter\CodeIgniter->handleRequest()
 9 FCPATH/index.php(67): CodeIgniter\CodeIgniter->run()
INFO - 2023-09-27 05:50:14 --> Session: Class initialized using 'CodeIgniter\Session\Handlers\FileHandler' driver.
WARNING - 2023-09-27 05:50:14 --> [DEPRECATED] strtoupper(): Passing null to parameter #1 ($string) of type string is deprecated in APPPATH/Controllers/admin/Users.php on line 163.
 1 APPPATH/Controllers/admin/Users.php(163): strtoupper(null)
 2 SYSTEMPATH/CodeIgniter.php(932): App\Controllers\admin\Users->create()
 3 SYSTEMPATH/CodeIgniter.php(497): CodeIgniter\CodeIgniter->runController(Object(App\Controllers\admin\Users))
 4 SYSTEMPATH/CodeIgniter.php(366): CodeIgniter\CodeIgniter->handleRequest(null, Object(Config\Cache), false)
 5 FCPATH/index.php(67): CodeIgniter\CodeIgniter->run()
INFO - 2023-09-27 05:50:18 --> Session: Class initialized using 'CodeIgniter\Session\Handlers\FileHandler' driver.
WARNING - 2023-09-27 05:50:18 --> [DEPRECATED] strtoupper(): Passing null to parameter #1 ($string) of type string is deprecated in APPPATH/Controllers/admin/Users.php on line 163.
 1 APPPATH/Controllers/admin/Users.php(163): strtoupper(null)
 2 SYSTEMPATH/CodeIgniter.php(932): App\Controllers\admin\Users->create()
 3 SYSTEMPATH/CodeIgniter.php(497): CodeIgniter\CodeIgniter->runController(Object(App\Controllers\admin\Users))
 4 SYSTEMPATH/CodeIgniter.php(366): CodeIgniter\CodeIgniter->handleRequest(null, Object(Config\Cache), false)
 5 FCPATH/index.php(67): CodeIgniter\CodeIgniter->run()
CRITICAL - 2023-09-27 05:50:18 --> filter_var(): Unknown filter with ID 1
in SYSTEMPATH/HTTP/RequestTrait.php on line 334.
 1 [internal function]: CodeIgniter\Debug\Exceptions->errorHandler()
 2 SYSTEMPATH/HTTP/RequestTrait.php(334): filter_var()
 3 SYSTEMPATH/HTTP/IncomingRequest.php(782): CodeIgniter\HTTP\Request->fetchGlobal()
 4 APPPATH/Controllers/admin/Users.php(370): CodeIgniter\HTTP\IncomingRequest->getPost()
 5 APPPATH/Controllers/admin/Users.php(172): App\Controllers\admin\Users->save()
 6 SYSTEMPATH/CodeIgniter.php(932): App\Controllers\admin\Users->create()
 7 SYSTEMPATH/CodeIgniter.php(497): CodeIgniter\CodeIgniter->runController()
 8 SYSTEMPATH/CodeIgniter.php(366): CodeIgniter\CodeIgniter->handleRequest()
 9 FCPATH/index.php(67): CodeIgniter\CodeIgniter->run()
INFO - 2023-09-27 05:50:59 --> Session: Class initialized using 'CodeIgniter\Session\Handlers\FileHandler' driver.
WARNING - 2023-09-27 05:50:59 --> [DEPRECATED] strtoupper(): Passing null to parameter #1 ($string) of type string is deprecated in APPPATH/Controllers/admin/Users.php on line 163.
 1 APPPATH/Controllers/admin/Users.php(163): strtoupper(null)
 2 SYSTEMPATH/CodeIgniter.php(932): App\Controllers\admin\Users->create()
 3 SYSTEMPATH/CodeIgniter.php(497): CodeIgniter\CodeIgniter->runController(Object(App\Controllers\admin\Users))
 4 SYSTEMPATH/CodeIgniter.php(366): CodeIgniter\CodeIgniter->handleRequest(null, Object(Config\Cache), false)
 5 FCPATH/index.php(67): CodeIgniter\CodeIgniter->run()
CRITICAL - 2023-09-27 05:50:59 --> filter_var(): Unknown filter with ID 1
in SYSTEMPATH/HTTP/RequestTrait.php on line 334.
 1 [internal function]: CodeIgniter\Debug\Exceptions->errorHandler()
 2 SYSTEMPATH/HTTP/RequestTrait.php(334): filter_var()
 3 SYSTEMPATH/HTTP/IncomingRequest.php(782): CodeIgniter\HTTP\Request->fetchGlobal()
 4 APPPATH/Controllers/admin/Users.php(370): CodeIgniter\HTTP\IncomingRequest->getPost()
 5 APPPATH/Controllers/admin/Users.php(172): App\Controllers\admin\Users->save()
 6 SYSTEMPATH/CodeIgniter.php(932): App\Controllers\admin\Users->create()
 7 SYSTEMPATH/CodeIgniter.php(497): CodeIgniter\CodeIgniter->runController()
 8 SYSTEMPATH/CodeIgniter.php(366): CodeIgniter\CodeIgniter->handleRequest()
 9 FCPATH/index.php(67): CodeIgniter\CodeIgniter->run()
INFO - 2023-09-27 05:51:22 --> Session: Class initialized using 'CodeIgniter\Session\Handlers\FileHandler' driver.
WARNING - 2023-09-27 05:51:22 --> [DEPRECATED] strtoupper(): Passing null to parameter #1 ($string) of type string is deprecated in APPPATH/Controllers/admin/Users.php on line 163.
 1 APPPATH/Controllers/admin/Users.php(163): strtoupper(null)
 2 SYSTEMPATH/CodeIgniter.php(932): App\Controllers\admin\Users->create()
 3 SYSTEMPATH/CodeIgniter.php(497): CodeIgniter\CodeIgniter->runController(Object(App\Controllers\admin\Users))
 4 SYSTEMPATH/CodeIgniter.php(366): CodeIgniter\CodeIgniter->handleRequest(null, Object(Config\Cache), false)
 5 FCPATH/index.php(67): CodeIgniter\CodeIgniter->run()
CRITICAL - 2023-09-27 05:51:22 --> filter_var(): Unknown filter with ID 1
in SYSTEMPATH/HTTP/RequestTrait.php on line 334.
 1 [internal function]: CodeIgniter\Debug\Exceptions->errorHandler()
 2 SYSTEMPATH/HTTP/RequestTrait.php(334): filter_var()
 3 SYSTEMPATH/HTTP/IncomingRequest.php(782): CodeIgniter\HTTP\Request->fetchGlobal()
 4 APPPATH/Controllers/admin/Users.php(370): CodeIgniter\HTTP\IncomingRequest->getPost()
 5 APPPATH/Controllers/admin/Users.php(172): App\Controllers\admin\Users->save()
 6 SYSTEMPATH/CodeIgniter.php(932): App\Controllers\admin\Users->create()
 7 SYSTEMPATH/CodeIgniter.php(497): CodeIgniter\CodeIgniter->runController()
 8 SYSTEMPATH/CodeIgniter.php(366): CodeIgniter\CodeIgniter->handleRequest()
 9 FCPATH/index.php(67): CodeIgniter\CodeIgniter->run()
INFO - 2023-09-27 05:58:48 --> Session: Class initialized using 'CodeIgniter\Session\Handlers\FileHandler' driver.
WARNING - 2023-09-27 05:58:48 --> [DEPRECATED] strtoupper(): Passing null to parameter #1 ($string) of type string is deprecated in APPPATH/Controllers/admin/Users.php on line 163.
 1 APPPATH/Controllers/admin/Users.php(163): strtoupper(null)
 2 SYSTEMPATH/CodeIgniter.php(932): App\Controllers\admin\Users->create()
 3 SYSTEMPATH/CodeIgniter.php(497): CodeIgniter\CodeIgniter->runController(Object(App\Controllers\admin\Users))
 4 SYSTEMPATH/CodeIgniter.php(366): CodeIgniter\CodeIgniter->handleRequest(null, Object(Config\Cache), false)
 5 FCPATH/index.php(67): CodeIgniter\CodeIgniter->run()
CRITICAL - 2023-09-27 05:58:48 --> filter_var(): Unknown filter with ID 1
in SYSTEMPATH/HTTP/RequestTrait.php on line 334.
 1 [internal function]: CodeIgniter\Debug\Exceptions->errorHandler()
 2 SYSTEMPATH/HTTP/RequestTrait.php(334): filter_var()
 3 SYSTEMPATH/HTTP/IncomingRequest.php(782): CodeIgniter\HTTP\Request->fetchGlobal()
 4 APPPATH/Controllers/admin/Users.php(307): CodeIgniter\HTTP\IncomingRequest->getPost()
 5 APPPATH/Controllers/admin/Users.php(172): App\Controllers\admin\Users->save()
 6 SYSTEMPATH/CodeIgniter.php(932): App\Controllers\admin\Users->create()
 7 SYSTEMPATH/CodeIgniter.php(497): CodeIgniter\CodeIgniter->runController()
 8 SYSTEMPATH/CodeIgniter.php(366): CodeIgniter\CodeIgniter->handleRequest()
 9 FCPATH/index.php(67): CodeIgniter\CodeIgniter->run()
INFO - 2023-09-27 05:59:03 --> Session: Class initialized using 'CodeIgniter\Session\Handlers\FileHandler' driver.
WARNING - 2023-09-27 05:59:03 --> [DEPRECATED] strtoupper(): Passing null to parameter #1 ($string) of type string is deprecated in APPPATH/Controllers/admin/Users.php on line 163.
 1 APPPATH/Controllers/admin/Users.php(163): strtoupper(null)
 2 SYSTEMPATH/CodeIgniter.php(932): App\Controllers\admin\Users->create()
 3 SYSTEMPATH/CodeIgniter.php(497): CodeIgniter\CodeIgniter->runController(Object(App\Controllers\admin\Users))
 4 SYSTEMPATH/CodeIgniter.php(366): CodeIgniter\CodeIgniter->handleRequest(null, Object(Config\Cache), false)
 5 FCPATH/index.php(67): CodeIgniter\CodeIgniter->run()
CRITICAL - 2023-09-27 05:59:03 --> filter_var(): Unknown filter with ID 1
in SYSTEMPATH/HTTP/RequestTrait.php on line 334.
 1 [internal function]: CodeIgniter\Debug\Exceptions->errorHandler()
 2 SYSTEMPATH/HTTP/RequestTrait.php(334): filter_var()
 3 SYSTEMPATH/HTTP/IncomingRequest.php(782): CodeIgniter\HTTP\Request->fetchGlobal()
 4 APPPATH/Controllers/admin/Users.php(307): CodeIgniter\HTTP\IncomingRequest->getPost()
 5 APPPATH/Controllers/admin/Users.php(172): App\Controllers\admin\Users->save()
 6 SYSTEMPATH/CodeIgniter.php(932): App\Controllers\admin\Users->create()
 7 SYSTEMPATH/CodeIgniter.php(497): CodeIgniter\CodeIgniter->runController()
 8 SYSTEMPATH/CodeIgniter.php(366): CodeIgniter\CodeIgniter->handleRequest()
 9 FCPATH/index.php(67): CodeIgniter\CodeIgniter->run()
INFO - 2023-09-27 05:59:07 --> Session: Class initialized using 'CodeIgniter\Session\Handlers\FileHandler' driver.
WARNING - 2023-09-27 05:59:07 --> [DEPRECATED] strtoupper(): Passing null to parameter #1 ($string) of type string is deprecated in APPPATH/Controllers/admin/Users.php on line 163.
 1 APPPATH/Controllers/admin/Users.php(163): strtoupper(null)
 2 SYSTEMPATH/CodeIgniter.php(932): App\Controllers\admin\Users->create()
 3 SYSTEMPATH/CodeIgniter.php(497): CodeIgniter\CodeIgniter->runController(Object(App\Controllers\admin\Users))
 4 SYSTEMPATH/CodeIgniter.php(366): CodeIgniter\CodeIgniter->handleRequest(null, Object(Config\Cache), false)
 5 FCPATH/index.php(67): CodeIgniter\CodeIgniter->run()
INFO - 2023-09-27 05:59:10 --> Session: Class initialized using 'CodeIgniter\Session\Handlers\FileHandler' driver.
WARNING - 2023-09-27 05:59:10 --> [DEPRECATED] strtoupper(): Passing null to parameter #1 ($string) of type string is deprecated in APPPATH/Controllers/admin/Users.php on line 163.
 1 APPPATH/Controllers/admin/Users.php(163): strtoupper(null)
 2 SYSTEMPATH/CodeIgniter.php(932): App\Controllers\admin\Users->create()
 3 SYSTEMPATH/CodeIgniter.php(497): CodeIgniter\CodeIgniter->runController(Object(App\Controllers\admin\Users))
 4 SYSTEMPATH/CodeIgniter.php(366): CodeIgniter\CodeIgniter->handleRequest(null, Object(Config\Cache), false)
 5 FCPATH/index.php(67): CodeIgniter\CodeIgniter->run()
CRITICAL - 2023-09-27 05:59:10 --> filter_var(): Unknown filter with ID 1
in SYSTEMPATH/HTTP/RequestTrait.php on line 334.
 1 [internal function]: CodeIgniter\Debug\Exceptions->errorHandler()
 2 SYSTEMPATH/HTTP/RequestTrait.php(334): filter_var()
 3 SYSTEMPATH/HTTP/IncomingRequest.php(782): CodeIgniter\HTTP\Request->fetchGlobal()
 4 APPPATH/Controllers/admin/Users.php(307): CodeIgniter\HTTP\IncomingRequest->getPost()
 5 APPPATH/Controllers/admin/Users.php(172): App\Controllers\admin\Users->save()
 6 SYSTEMPATH/CodeIgniter.php(932): App\Controllers\admin\Users->create()
 7 SYSTEMPATH/CodeIgniter.php(497): CodeIgniter\CodeIgniter->runController()
 8 SYSTEMPATH/CodeIgniter.php(366): CodeIgniter\CodeIgniter->handleRequest()
 9 FCPATH/index.php(67): CodeIgniter\CodeIgniter->run()
INFO - 2023-09-27 05:59:29 --> Session: Class initialized using 'CodeIgniter\Session\Handlers\FileHandler' driver.
WARNING - 2023-09-27 05:59:29 --> [DEPRECATED] strtoupper(): Passing null to parameter #1 ($string) of type string is deprecated in APPPATH/Controllers/admin/Users.php on line 163.
 1 APPPATH/Controllers/admin/Users.php(163): strtoupper(null)
 2 SYSTEMPATH/CodeIgniter.php(932): App\Controllers\admin\Users->create()
 3 SYSTEMPATH/CodeIgniter.php(497): CodeIgniter\CodeIgniter->runController(Object(App\Controllers\admin\Users))
 4 SYSTEMPATH/CodeIgniter.php(366): CodeIgniter\CodeIgniter->handleRequest(null, Object(Config\Cache), false)
 5 FCPATH/index.php(67): CodeIgniter\CodeIgniter->run()
INFO - 2023-09-27 05:59:44 --> Session: Class initialized using 'CodeIgniter\Session\Handlers\FileHandler' driver.
WARNING - 2023-09-27 05:59:44 --> [DEPRECATED] strtoupper(): Passing null to parameter #1 ($string) of type string is deprecated in APPPATH/Controllers/admin/Users.php on line 163.
 1 APPPATH/Controllers/admin/Users.php(163): strtoupper(null)
 2 SYSTEMPATH/CodeIgniter.php(932): App\Controllers\admin\Users->create()
 3 SYSTEMPATH/CodeIgniter.php(497): CodeIgniter\CodeIgniter->runController(Object(App\Controllers\admin\Users))
 4 SYSTEMPATH/CodeIgniter.php(366): CodeIgniter\CodeIgniter->handleRequest(null, Object(Config\Cache), false)
 5 FCPATH/index.php(67): CodeIgniter\CodeIgniter->run()
CRITICAL - 2023-09-27 05:59:44 --> filter_var(): Unknown filter with ID 1
in SYSTEMPATH/HTTP/RequestTrait.php on line 334.
 1 [internal function]: CodeIgniter\Debug\Exceptions->errorHandler()
 2 SYSTEMPATH/HTTP/RequestTrait.php(334): filter_var()
 3 SYSTEMPATH/HTTP/IncomingRequest.php(782): CodeIgniter\HTTP\Request->fetchGlobal()
 4 APPPATH/Controllers/admin/Users.php(309): CodeIgniter\HTTP\IncomingRequest->getPost()
 5 APPPATH/Controllers/admin/Users.php(172): App\Controllers\admin\Users->save()
 6 SYSTEMPATH/CodeIgniter.php(932): App\Controllers\admin\Users->create()
 7 SYSTEMPATH/CodeIgniter.php(497): CodeIgniter\CodeIgniter->runController()
 8 SYSTEMPATH/CodeIgniter.php(366): CodeIgniter\CodeIgniter->handleRequest()
 9 FCPATH/index.php(67): CodeIgniter\CodeIgniter->run()
INFO - 2023-09-27 06:00:17 --> Session: Class initialized using 'CodeIgniter\Session\Handlers\FileHandler' driver.
WARNING - 2023-09-27 06:00:17 --> [DEPRECATED] strtoupper(): Passing null to parameter #1 ($string) of type string is deprecated in APPPATH/Controllers/admin/Users.php on line 163.
 1 APPPATH/Controllers/admin/Users.php(163): strtoupper(null)
 2 SYSTEMPATH/CodeIgniter.php(932): App\Controllers\admin\Users->create()
 3 SYSTEMPATH/CodeIgniter.php(497): CodeIgniter\CodeIgniter->runController(Object(App\Controllers\admin\Users))
 4 SYSTEMPATH/CodeIgniter.php(366): CodeIgniter\CodeIgniter->handleRequest(null, Object(Config\Cache), false)
 5 FCPATH/index.php(67): CodeIgniter\CodeIgniter->run()
CRITICAL - 2023-09-27 06:00:17 --> Undefined property: App\Controllers\admin\Users::$input
in APPPATH/Controllers/admin/Users.php on line 309.
 1 APPPATH/Controllers/admin/Users.php(309): CodeIgniter\Debug\Exceptions->errorHandler()
 2 APPPATH/Controllers/admin/Users.php(172): App\Controllers\admin\Users->save()
 3 SYSTEMPATH/CodeIgniter.php(932): App\Controllers\admin\Users->create()
 4 SYSTEMPATH/CodeIgniter.php(497): CodeIgniter\CodeIgniter->runController()
 5 SYSTEMPATH/CodeIgniter.php(366): CodeIgniter\CodeIgniter->handleRequest()
 6 FCPATH/index.php(67): CodeIgniter\CodeIgniter->run()
INFO - 2023-09-27 06:04:59 --> Session: Class initialized using 'CodeIgniter\Session\Handlers\FileHandler' driver.
WARNING - 2023-09-27 06:05:00 --> [DEPRECATED] strtoupper(): Passing null to parameter #1 ($string) of type string is deprecated in APPPATH/Controllers/admin/Users.php on line 172.
 1 APPPATH/Controllers/admin/Users.php(172): strtoupper(null)
 2 SYSTEMPATH/CodeIgniter.php(932): App\Controllers\admin\Users->create()
 3 SYSTEMPATH/CodeIgniter.php(497): CodeIgniter\CodeIgniter->runController(Object(App\Controllers\admin\Users))
 4 SYSTEMPATH/CodeIgniter.php(366): CodeIgniter\CodeIgniter->handleRequest(null, Object(Config\Cache), false)
 5 FCPATH/index.php(67): CodeIgniter\CodeIgniter->run()
CRITICAL - 2023-09-27 06:05:00 --> Undefined property: App\Controllers\admin\Users::$input
in APPPATH/Controllers/admin/Users.php on line 318.
 1 APPPATH/Controllers/admin/Users.php(318): CodeIgniter\Debug\Exceptions->errorHandler()
 2 APPPATH/Controllers/admin/Users.php(181): App\Controllers\admin\Users->save()
 3 SYSTEMPATH/CodeIgniter.php(932): App\Controllers\admin\Users->create()
 4 SYSTEMPATH/CodeIgniter.php(497): CodeIgniter\CodeIgniter->runController()
 5 SYSTEMPATH/CodeIgniter.php(366): CodeIgniter\CodeIgniter->handleRequest()
 6 FCPATH/index.php(67): CodeIgniter\CodeIgniter->run()
INFO - 2023-09-27 06:05:46 --> Session: Class initialized using 'CodeIgniter\Session\Handlers\FileHandler' driver.
WARNING - 2023-09-27 06:05:46 --> [DEPRECATED] strtoupper(): Passing null to parameter #1 ($string) of type string is deprecated in APPPATH/Controllers/admin/Users.php on line 172.
 1 APPPATH/Controllers/admin/Users.php(172): strtoupper(null)
 2 SYSTEMPATH/CodeIgniter.php(932): App\Controllers\admin\Users->create()
 3 SYSTEMPATH/CodeIgniter.php(497): CodeIgniter\CodeIgniter->runController(Object(App\Controllers\admin\Users))
 4 SYSTEMPATH/CodeIgniter.php(366): CodeIgniter\CodeIgniter->handleRequest(null, Object(Config\Cache), false)
 5 FCPATH/index.php(67): CodeIgniter\CodeIgniter->run()
CRITICAL - 2023-09-27 06:05:46 --> filter_var(): Unknown filter with ID 1
in SYSTEMPATH/HTTP/RequestTrait.php on line 334.
 1 [internal function]: CodeIgniter\Debug\Exceptions->errorHandler()
 2 SYSTEMPATH/HTTP/RequestTrait.php(334): filter_var()
 3 SYSTEMPATH/HTTP/IncomingRequest.php(782): CodeIgniter\HTTP\Request->fetchGlobal()
 4 APPPATH/Controllers/admin/Users.php(318): CodeIgniter\HTTP\IncomingRequest->getPost()
 5 APPPATH/Controllers/admin/Users.php(181): App\Controllers\admin\Users->save()
 6 SYSTEMPATH/CodeIgniter.php(932): App\Controllers\admin\Users->create()
 7 SYSTEMPATH/CodeIgniter.php(497): CodeIgniter\CodeIgniter->runController()
 8 SYSTEMPATH/CodeIgniter.php(366): CodeIgniter\CodeIgniter->handleRequest()
 9 FCPATH/index.php(67): CodeIgniter\CodeIgniter->run()
INFO - 2023-09-27 06:55:40 --> Session: Class initialized using 'CodeIgniter\Session\Handlers\FileHandler' driver.
INFO - 2023-09-27 06:56:12 --> Session: Class initialized using 'CodeIgniter\Session\Handlers\FileHandler' driver.
INFO - 2023-09-27 06:56:15 --> Session: Class initialized using 'CodeIgniter\Session\Handlers\FileHandler' driver.
INFO - 2023-09-27 06:56:16 --> Session: Class initialized using 'CodeIgniter\Session\Handlers\FileHandler' driver.
INFO - 2023-09-27 06:56:25 --> Session: Class initialized using 'CodeIgniter\Session\Handlers\FileHandler' driver.
INFO - 2023-09-27 06:56:30 --> Session: Class initialized using 'CodeIgniter\Session\Handlers\FileHandler' driver.
WARNING - 2023-09-27 06:56:30 --> [DEPRECATED] strtoupper(): Passing null to parameter #1 ($string) of type string is deprecated in APPPATH/Controllers/admin/Users.php on line 172.
 1 APPPATH/Controllers/admin/Users.php(172): strtoupper(null)
 2 SYSTEMPATH/CodeIgniter.php(932): App\Controllers\admin\Users->create()
 3 SYSTEMPATH/CodeIgniter.php(497): CodeIgniter\CodeIgniter->runController(Object(App\Controllers\admin\Users))
 4 SYSTEMPATH/CodeIgniter.php(366): CodeIgniter\CodeIgniter->handleRequest(null, Object(Config\Cache), false)
 5 FCPATH/index.php(67): CodeIgniter\CodeIgniter->run()
INFO - 2023-09-27 06:57:23 --> Session: Class initialized using 'CodeIgniter\Session\Handlers\FileHandler' driver.
WARNING - 2023-09-27 06:57:23 --> [DEPRECATED] strtoupper(): Passing null to parameter #1 ($string) of type string is deprecated in APPPATH/Controllers/admin/Users.php on line 172.
 1 APPPATH/Controllers/admin/Users.php(172): strtoupper(null)
 2 SYSTEMPATH/CodeIgniter.php(932): App\Controllers\admin\Users->create()
 3 SYSTEMPATH/CodeIgniter.php(497): CodeIgniter\CodeIgniter->runController(Object(App\Controllers\admin\Users))
 4 SYSTEMPATH/CodeIgniter.php(366): CodeIgniter\CodeIgniter->handleRequest(null, Object(Config\Cache), false)
 5 FCPATH/index.php(67): CodeIgniter\CodeIgniter->run()
CRITICAL - 2023-09-27 06:57:23 --> filter_var(): Unknown filter with ID 1
in SYSTEMPATH/HTTP/RequestTrait.php on line 334.
 1 [internal function]: CodeIgniter\Debug\Exceptions->errorHandler()
 2 SYSTEMPATH/HTTP/RequestTrait.php(334): filter_var()
 3 SYSTEMPATH/HTTP/IncomingRequest.php(782): CodeIgniter\HTTP\Request->fetchGlobal()
 4 APPPATH/Controllers/admin/Users.php(323): CodeIgniter\HTTP\IncomingRequest->getPost()
 5 APPPATH/Controllers/admin/Users.php(181): App\Controllers\admin\Users->save()
 6 SYSTEMPATH/CodeIgniter.php(932): App\Controllers\admin\Users->create()
 7 SYSTEMPATH/CodeIgniter.php(497): CodeIgniter\CodeIgniter->runController()
 8 SYSTEMPATH/CodeIgniter.php(366): CodeIgniter\CodeIgniter->handleRequest()
 9 FCPATH/index.php(67): CodeIgniter\CodeIgniter->run()
INFO - 2023-09-27 08:15:18 --> Session: Class initialized using 'CodeIgniter\Session\Handlers\FileHandler' driver.
WARNING - 2023-09-27 08:15:18 --> [DEPRECATED] strtoupper(): Passing null to parameter #1 ($string) of type string is deprecated in APPPATH/Controllers/admin/Users.php on line 172.
 1 APPPATH/Controllers/admin/Users.php(172): strtoupper(null)
 2 SYSTEMPATH/CodeIgniter.php(932): App\Controllers\admin\Users->create()
 3 SYSTEMPATH/CodeIgniter.php(497): CodeIgniter\CodeIgniter->runController(Object(App\Controllers\admin\Users))
 4 SYSTEMPATH/CodeIgniter.php(366): CodeIgniter\CodeIgniter->handleRequest(null, Object(Config\Cache), false)
 5 FCPATH/index.php(67): CodeIgniter\CodeIgniter->run()
CRITICAL - 2023-09-27 08:15:18 --> filter_var(): Unknown filter with ID 1
in SYSTEMPATH/HTTP/RequestTrait.php on line 334.
 1 [internal function]: CodeIgniter\Debug\Exceptions->errorHandler()
 2 SYSTEMPATH/HTTP/RequestTrait.php(334): filter_var()
 3 SYSTEMPATH/HTTP/IncomingRequest.php(782): CodeIgniter\HTTP\Request->fetchGlobal()
 4 APPPATH/Controllers/admin/Users.php(323): CodeIgniter\HTTP\IncomingRequest->getPost()
 5 APPPATH/Controllers/admin/Users.php(181): App\Controllers\admin\Users->save()
 6 SYSTEMPATH/CodeIgniter.php(932): App\Controllers\admin\Users->create()
 7 SYSTEMPATH/CodeIgniter.php(497): CodeIgniter\CodeIgniter->runController()
 8 SYSTEMPATH/CodeIgniter.php(366): CodeIgniter\CodeIgniter->handleRequest()
 9 FCPATH/index.php(67): CodeIgniter\CodeIgniter->run()
INFO - 2023-09-27 08:22:26 --> Session: Class initialized using 'CodeIgniter\Session\Handlers\FileHandler' driver.
WARNING - 2023-09-27 08:22:26 --> [DEPRECATED] strtoupper(): Passing null to parameter #1 ($string) of type string is deprecated in APPPATH/Controllers/admin/Users.php on line 172.
 1 APPPATH/Controllers/admin/Users.php(172): strtoupper(null)
 2 SYSTEMPATH/CodeIgniter.php(932): App\Controllers\admin\Users->create()
 3 SYSTEMPATH/CodeIgniter.php(497): CodeIgniter\CodeIgniter->runController(Object(App\Controllers\admin\Users))
 4 SYSTEMPATH/CodeIgniter.php(366): CodeIgniter\CodeIgniter->handleRequest(null, Object(Config\Cache), false)
 5 FCPATH/index.php(67): CodeIgniter\CodeIgniter->run()
CRITICAL - 2023-09-27 08:22:26 --> filter_var(): Unknown filter with ID 1
in SYSTEMPATH/HTTP/RequestTrait.php on line 334.
 1 [internal function]: CodeIgniter\Debug\Exceptions->errorHandler()
 2 SYSTEMPATH/HTTP/RequestTrait.php(334): filter_var()
 3 SYSTEMPATH/HTTP/IncomingRequest.php(782): CodeIgniter\HTTP\Request->fetchGlobal()
 4 APPPATH/Controllers/admin/Users.php(323): CodeIgniter\HTTP\IncomingRequest->getPost()
 5 APPPATH/Controllers/admin/Users.php(181): App\Controllers\admin\Users->save()
 6 SYSTEMPATH/CodeIgniter.php(932): App\Controllers\admin\Users->create()
 7 SYSTEMPATH/CodeIgniter.php(497): CodeIgniter\CodeIgniter->runController()
 8 SYSTEMPATH/CodeIgniter.php(366): CodeIgniter\CodeIgniter->handleRequest()
 9 FCPATH/index.php(67): CodeIgniter\CodeIgniter->run()
INFO - 2023-09-27 08:31:04 --> Session: Class initialized using 'CodeIgniter\Session\Handlers\FileHandler' driver.
WARNING - 2023-09-27 08:31:04 --> [DEPRECATED] strtoupper(): Passing null to parameter #1 ($string) of type string is deprecated in APPPATH/Controllers/admin/Users.php on line 172.
 1 APPPATH/Controllers/admin/Users.php(172): strtoupper(null)
 2 SYSTEMPATH/CodeIgniter.php(932): App\Controllers\admin\Users->create()
 3 SYSTEMPATH/CodeIgniter.php(497): CodeIgniter\CodeIgniter->runController(Object(App\Controllers\admin\Users))
 4 SYSTEMPATH/CodeIgniter.php(366): CodeIgniter\CodeIgniter->handleRequest(null, Object(Config\Cache), false)
 5 FCPATH/index.php(67): CodeIgniter\CodeIgniter->run()
CRITICAL - 2023-09-27 08:31:04 --> filter_var(): Unknown filter with ID 1
in SYSTEMPATH/HTTP/RequestTrait.php on line 334.
 1 [internal function]: CodeIgniter\Debug\Exceptions->errorHandler()
 2 SYSTEMPATH/HTTP/RequestTrait.php(334): filter_var()
 3 SYSTEMPATH/HTTP/IncomingRequest.php(782): CodeIgniter\HTTP\Request->fetchGlobal()
 4 APPPATH/Controllers/admin/Users.php(323): CodeIgniter\HTTP\IncomingRequest->getPost()
 5 APPPATH/Controllers/admin/Users.php(181): App\Controllers\admin\Users->save()
 6 SYSTEMPATH/CodeIgniter.php(932): App\Controllers\admin\Users->create()
 7 SYSTEMPATH/CodeIgniter.php(497): CodeIgniter\CodeIgniter->runController()
 8 SYSTEMPATH/CodeIgniter.php(366): CodeIgniter\CodeIgniter->handleRequest()
 9 FCPATH/index.php(67): CodeIgniter\CodeIgniter->run()
INFO - 2023-09-27 08:43:45 --> Session: Class initialized using 'CodeIgniter\Session\Handlers\FileHandler' driver.
WARNING - 2023-09-27 08:43:45 --> [DEPRECATED] strtoupper(): Passing null to parameter #1 ($string) of type string is deprecated in APPPATH/Controllers/admin/Users.php on line 172.
 1 APPPATH/Controllers/admin/Users.php(172): strtoupper(null)
 2 SYSTEMPATH/CodeIgniter.php(932): App\Controllers\admin\Users->create()
 3 SYSTEMPATH/CodeIgniter.php(497): CodeIgniter\CodeIgniter->runController(Object(App\Controllers\admin\Users))
 4 SYSTEMPATH/CodeIgniter.php(366): CodeIgniter\CodeIgniter->handleRequest(null, Object(Config\Cache), false)
 5 FCPATH/index.php(67): CodeIgniter\CodeIgniter->run()
CRITICAL - 2023-09-27 08:43:45 --> filter_var(): Unknown filter with ID 1
in SYSTEMPATH/HTTP/RequestTrait.php on line 334.
 1 [internal function]: CodeIgniter\Debug\Exceptions->errorHandler()
 2 SYSTEMPATH/HTTP/RequestTrait.php(334): filter_var()
 3 SYSTEMPATH/HTTP/IncomingRequest.php(782): CodeIgniter\HTTP\Request->fetchGlobal()
 4 APPPATH/Controllers/admin/Users.php(323): CodeIgniter\HTTP\IncomingRequest->getPost()
 5 APPPATH/Controllers/admin/Users.php(181): App\Controllers\admin\Users->save()
 6 SYSTEMPATH/CodeIgniter.php(932): App\Controllers\admin\Users->create()
 7 SYSTEMPATH/CodeIgniter.php(497): CodeIgniter\CodeIgniter->runController()
 8 SYSTEMPATH/CodeIgniter.php(366): CodeIgniter\CodeIgniter->handleRequest()
 9 FCPATH/index.php(67): CodeIgniter\CodeIgniter->run()
INFO - 2023-09-27 08:43:51 --> Session: Class initialized using 'CodeIgniter\Session\Handlers\FileHandler' driver.
WARNING - 2023-09-27 08:43:51 --> [DEPRECATED] strtoupper(): Passing null to parameter #1 ($string) of type string is deprecated in APPPATH/Controllers/admin/Users.php on line 172.
 1 APPPATH/Controllers/admin/Users.php(172): strtoupper(null)
 2 SYSTEMPATH/CodeIgniter.php(932): App\Controllers\admin\Users->create()
 3 SYSTEMPATH/CodeIgniter.php(497): CodeIgniter\CodeIgniter->runController(Object(App\Controllers\admin\Users))
 4 SYSTEMPATH/CodeIgniter.php(366): CodeIgniter\CodeIgniter->handleRequest(null, Object(Config\Cache), false)
 5 FCPATH/index.php(67): CodeIgniter\CodeIgniter->run()
CRITICAL - 2023-09-27 08:43:51 --> filter_var(): Unknown filter with ID 1
in SYSTEMPATH/HTTP/RequestTrait.php on line 334.
 1 [internal function]: CodeIgniter\Debug\Exceptions->errorHandler()
 2 SYSTEMPATH/HTTP/RequestTrait.php(334): filter_var()
 3 SYSTEMPATH/HTTP/IncomingRequest.php(782): CodeIgniter\HTTP\Request->fetchGlobal()
 4 APPPATH/Controllers/admin/Users.php(323): CodeIgniter\HTTP\IncomingRequest->getPost()
 5 APPPATH/Controllers/admin/Users.php(181): App\Controllers\admin\Users->save()
 6 SYSTEMPATH/CodeIgniter.php(932): App\Controllers\admin\Users->create()
 7 SYSTEMPATH/CodeIgniter.php(497): CodeIgniter\CodeIgniter->runController()
 8 SYSTEMPATH/CodeIgniter.php(366): CodeIgniter\CodeIgniter->handleRequest()
 9 FCPATH/index.php(67): CodeIgniter\CodeIgniter->run()
INFO - 2023-09-27 10:12:45 --> Session: Class initialized using 'CodeIgniter\Session\Handlers\FileHandler' driver.
WARNING - 2023-09-27 10:12:47 --> [DEPRECATED] strtoupper(): Passing null to parameter #1 ($string) of type string is deprecated in APPPATH/Controllers/admin/Users.php on line 172.
 1 APPPATH/Controllers/admin/Users.php(172): strtoupper(null)
 2 SYSTEMPATH/CodeIgniter.php(932): App\Controllers\admin\Users->create()
 3 SYSTEMPATH/CodeIgniter.php(497): CodeIgniter\CodeIgniter->runController(Object(App\Controllers\admin\Users))
 4 SYSTEMPATH/CodeIgniter.php(366): CodeIgniter\CodeIgniter->handleRequest(null, Object(Config\Cache), false)
 5 FCPATH/index.php(67): CodeIgniter\CodeIgniter->run()
CRITICAL - 2023-09-27 10:12:47 --> filter_var(): Unknown filter with ID 1
in SYSTEMPATH/HTTP/RequestTrait.php on line 334.
 1 [internal function]: CodeIgniter\Debug\Exceptions->errorHandler()
 2 SYSTEMPATH/HTTP/RequestTrait.php(334): filter_var()
 3 SYSTEMPATH/HTTP/IncomingRequest.php(782): CodeIgniter\HTTP\Request->fetchGlobal()
 4 APPPATH/Controllers/admin/Users.php(323): CodeIgniter\HTTP\IncomingRequest->getPost()
 5 APPPATH/Controllers/admin/Users.php(181): App\Controllers\admin\Users->save()
 6 SYSTEMPATH/CodeIgniter.php(932): App\Controllers\admin\Users->create()
 7 SYSTEMPATH/CodeIgniter.php(497): CodeIgniter\CodeIgniter->runController()
 8 SYSTEMPATH/CodeIgniter.php(366): CodeIgniter\CodeIgniter->handleRequest()
 9 FCPATH/index.php(67): CodeIgniter\CodeIgniter->run()
INFO - 2023-09-27 10:29:04 --> Session: Class initialized using 'CodeIgniter\Session\Handlers\FileHandler' driver.
WARNING - 2023-09-27 10:29:04 --> [DEPRECATED] strtoupper(): Passing null to parameter #1 ($string) of type string is deprecated in APPPATH/Controllers/admin/Users.php on line 172.
 1 APPPATH/Controllers/admin/Users.php(172): strtoupper(null)
 2 SYSTEMPATH/CodeIgniter.php(932): App\Controllers\admin\Users->create()
 3 SYSTEMPATH/CodeIgniter.php(497): CodeIgniter\CodeIgniter->runController(Object(App\Controllers\admin\Users))
 4 SYSTEMPATH/CodeIgniter.php(366): CodeIgniter\CodeIgniter->handleRequest(null, Object(Config\Cache), false)
 5 FCPATH/index.php(67): CodeIgniter\CodeIgniter->run()
CRITICAL - 2023-09-27 10:29:04 --> filter_var(): Unknown filter with ID 1
in SYSTEMPATH/HTTP/RequestTrait.php on line 334.
 1 [internal function]: CodeIgniter\Debug\Exceptions->errorHandler()
 2 SYSTEMPATH/HTTP/RequestTrait.php(334): filter_var()
 3 SYSTEMPATH/HTTP/IncomingRequest.php(782): CodeIgniter\HTTP\Request->fetchGlobal()
 4 APPPATH/Controllers/admin/Users.php(323): CodeIgniter\HTTP\IncomingRequest->getPost()
 5 APPPATH/Controllers/admin/Users.php(181): App\Controllers\admin\Users->save()
 6 SYSTEMPATH/CodeIgniter.php(932): App\Controllers\admin\Users->create()
 7 SYSTEMPATH/CodeIgniter.php(497): CodeIgniter\CodeIgniter->runController()
 8 SYSTEMPATH/CodeIgniter.php(366): CodeIgniter\CodeIgniter->handleRequest()
 9 FCPATH/index.php(67): CodeIgniter\CodeIgniter->run()
INFO - 2023-09-27 10:29:43 --> Session: Class initialized using 'CodeIgniter\Session\Handlers\FileHandler' driver.
WARNING - 2023-09-27 10:29:43 --> [DEPRECATED] strtoupper(): Passing null to parameter #1 ($string) of type string is deprecated in APPPATH/Controllers/admin/Users.php on line 172.
 1 APPPATH/Controllers/admin/Users.php(172): strtoupper(null)
 2 SYSTEMPATH/CodeIgniter.php(932): App\Controllers\admin\Users->create()
 3 SYSTEMPATH/CodeIgniter.php(497): CodeIgniter\CodeIgniter->runController(Object(App\Controllers\admin\Users))
 4 SYSTEMPATH/CodeIgniter.php(366): CodeIgniter\CodeIgniter->handleRequest(null, Object(Config\Cache), false)
 5 FCPATH/index.php(67): CodeIgniter\CodeIgniter->run()
CRITICAL - 2023-09-27 10:29:43 --> filter_var(): Unknown filter with ID 1
in SYSTEMPATH/HTTP/RequestTrait.php on line 334.
 1 [internal function]: CodeIgniter\Debug\Exceptions->errorHandler()
 2 SYSTEMPATH/HTTP/RequestTrait.php(334): filter_var()
 3 SYSTEMPATH/HTTP/IncomingRequest.php(782): CodeIgniter\HTTP\Request->fetchGlobal()
 4 APPPATH/Controllers/admin/Users.php(323): CodeIgniter\HTTP\IncomingRequest->getPost()
 5 APPPATH/Controllers/admin/Users.php(181): App\Controllers\admin\Users->save()
 6 SYSTEMPATH/CodeIgniter.php(932): App\Controllers\admin\Users->create()
 7 SYSTEMPATH/CodeIgniter.php(497): CodeIgniter\CodeIgniter->runController()
 8 SYSTEMPATH/CodeIgniter.php(366): CodeIgniter\CodeIgniter->handleRequest()
 9 FCPATH/index.php(67): CodeIgniter\CodeIgniter->run()
